#
# There is insufficient memory for the Java Runtime Environment to continue.
# Native memory allocation (mmap) failed to map 532676608 bytes for G1 virtual space
# Possible reasons:
#   The system is out of physical RAM or swap space
#   The process is running with CompressedOops enabled, and the Java Heap may be blocking the growth of the native heap
# Possible solutions:
#   Reduce memory load on the system
#   Increase physical memory or swap space
#   Check if swap backing store is full
#   Decrease Java heap size (-Xmx/-Xms)
#   Decrease number of Java threads
#   Decrease Java thread stack sizes (-Xss)
#   Set larger code cache with -XX:ReservedCodeCacheSize=
#   JVM is running with Zero Based Compressed Oops mode in which the Java heap is
#     placed in the first 32GB address space. The Java Heap base address is the
#     maximum limit for the native heap growth. Please use -XX:HeapBaseMinAddress
#     to set the Java Heap base and to place the Java Heap above 32GB virtual address.
# This output file may be truncated or incomplete.
#
#  Out of Memory Error (os_windows.cpp:3552), pid=19516, tid=26364
#
# JRE version:  (17.0.9+11) (build )
# Java VM: Java HotSpot(TM) 64-Bit Server VM (17.0.9+11-LTS-201, mixed mode, sharing, tiered, compressed oops, compressed class ptrs, g1 gc, windows-amd64)
# No core dump will be written. Minidumps are not enabled by default on client versions of Windows
#

---------------  S U M M A R Y ------------

Command Line: -Dcom.sun.management.jmxremote -Dcom.sun.management.jmxremote.port=57158 -Dcom.sun.management.jmxremote.authenticate=false -Dcom.sun.management.jmxremote.ssl=false -Dspring.jmx.enabled=true -Djava.rmi.server.hostname=localhost -Dspring.application.admin.enabled=true -Dspring.boot.project.name=spring-boot-backend-apirest -XX:+ShowCodeDetailsInExceptionMessages com.udla.springboot.backend.apirest.SpringBootBackendApirestApplication

Host: 12th Gen Intel(R) Core(TM) i7-12700H, 20 cores, 31G,  Windows 11 , 64 bit Build 22621 (10.0.22621.2506)
Time: Sat Jan  6 03:53:26 2024 Hora est. Pacífico, Sudamérica elapsed time: 0.009729 seconds (0d 0h 0m 0s)

---------------  T H R E A D  ---------------

Current thread (0x00000200a3e653b0):  JavaThread "Unknown thread" [_thread_in_vm, id=26364, stack(0x00000099e4200000,0x00000099e4300000)]

Stack: [0x00000099e4200000,0x00000099e4300000]
Native frames: (J=compiled Java code, j=interpreted, Vv=VM code, C=native code)
V  [jvm.dll+0x678a4a]
V  [jvm.dll+0x7d9cfd]
V  [jvm.dll+0x7db60e]
V  [jvm.dll+0x7dbc73]
V  [jvm.dll+0x245e1f]
V  [jvm.dll+0x6758f9]
V  [jvm.dll+0x66a2a2]
V  [jvm.dll+0x303686]
V  [jvm.dll+0x30ac06]
V  [jvm.dll+0x35a48e]
V  [jvm.dll+0x35a6bf]
V  [jvm.dll+0x2da678]
V  [jvm.dll+0x2db5e4]
V  [jvm.dll+0x7ab6b1]
V  [jvm.dll+0x368041]
V  [jvm.dll+0x78a749]
V  [jvm.dll+0x3ebd4f]
V  [jvm.dll+0x3ed7d1]
C  [jli.dll+0x5297]
C  [ucrtbase.dll+0x29363]
C  [KERNEL32.DLL+0x1257d]
C  [ntdll.dll+0x5aa58]


---------------  P R O C E S S  ---------------

Threads class SMR info:
_java_thread_list=0x00007ffcad9089d8, length=0, elements={
}

Java Threads: ( => current thread )

Other Threads:
  0x00000200a3f1af10 GCTaskThread "GC Thread#0" [stack: 0x00000099e4300000,0x00000099e4400000] [id=35384]
  0x00000200a3f2ba80 ConcurrentGCThread "G1 Main Marker" [stack: 0x00000099e4400000,0x00000099e4500000] [id=22892]
  0x00000200a3f2cb40 ConcurrentGCThread "G1 Conc#0" [stack: 0x00000099e4500000,0x00000099e4600000] [id=29952]

[error occurred during error reporting (printing all threads), id 0xc0000005, EXCEPTION_ACCESS_VIOLATION (0xc0000005) at pc=0x00007ffcad13b2d7]

VM state: not at safepoint (not fully initialized)

VM Mutex/Monitor currently owned by a thread:  ([mutex/lock_event])
[0x00000200a3e60d60] Heap_lock - owner thread: 0x00000200a3e653b0

Heap address: 0x0000000605c00000, size: 8100 MB, Compressed Oops mode: Zero based, Oop shift amount: 3

CDS archive(s) mapped at: [0x0000000000000000-0x0000000000000000-0x0000000000000000), size 0, SharedBaseAddress: 0x0000000800000000, ArchiveRelocationMode: 1.
Narrow klass base: 0x0000000000000000, Narrow klass shift: 0, Narrow klass range: 0x0

GC Precious Log:
<Empty>

Heap:
 garbage-first heap   total 0K, used 0K [0x0000000605c00000, 0x0000000800000000)
  region size 4096K, 0 young (0K), 0 survivors (0K)

[error occurred during error reporting (printing heap information), id 0xc0000005, EXCEPTION_ACCESS_VIOLATION (0xc0000005) at pc=0x00007ffcad522229]

GC Heap History (0 events):
No events

Deoptimization events (0 events):
No events

Classes unloaded (0 events):
No events

Classes redefined (0 events):
No events

Internal exceptions (0 events):
No events

VM Operations (0 events):
No events

Events (1 events):
Event: 0.006 Loaded shared library C:\Program Files\Java\jdk-17\bin\java.dll


Dynamic libraries:
0x00007ff740990000 - 0x00007ff7409a0000 	C:\Program Files\Java\jdk-17\bin\java.exe
0x00007ffd34450000 - 0x00007ffd34667000 	C:\Windows\SYSTEM32\ntdll.dll
0x00007ffd32470000 - 0x00007ffd32534000 	C:\Windows\System32\KERNEL32.DLL
0x00007ffd31be0000 - 0x00007ffd31f86000 	C:\Windows\System32\KERNELBASE.dll
0x00007ffd31fc0000 - 0x00007ffd320d1000 	C:\Windows\System32\ucrtbase.dll
0x00007ffcfc130000 - 0x00007ffcfc14b000 	C:\Program Files\Java\jdk-17\bin\VCRUNTIME140.dll
0x00007ffcfc110000 - 0x00007ffcfc129000 	C:\Program Files\Java\jdk-17\bin\jli.dll
0x00007ffd34020000 - 0x00007ffd340d1000 	C:\Windows\System32\ADVAPI32.dll
0x00007ffd322a0000 - 0x00007ffd32347000 	C:\Windows\System32\msvcrt.dll
0x00007ffd332a0000 - 0x00007ffd33345000 	C:\Windows\System32\sechost.dll
0x00007ffd32350000 - 0x00007ffd32467000 	C:\Windows\System32\RPCRT4.dll
0x00007ffd33cf0000 - 0x00007ffd33e9e000 	C:\Windows\System32\USER32.dll
0x00007ffd31f90000 - 0x00007ffd31fb6000 	C:\Windows\System32\win32u.dll
0x00007ffd33420000 - 0x00007ffd33449000 	C:\Windows\System32\GDI32.dll
0x00007ffd31930000 - 0x00007ffd31a48000 	C:\Windows\System32\gdi32full.dll
0x00007ffd31a50000 - 0x00007ffd31aea000 	C:\Windows\System32\msvcp_win.dll
0x00007ffd30ae0000 - 0x00007ffd30d73000 	C:\Windows\WinSxS\amd64_microsoft.windows.common-controls_6595b64144ccf1df_6.0.22621.2506_none_270c5ae97388e100\COMCTL32.dll
0x00007ffd30030000 - 0x00007ffd3003a000 	C:\Windows\SYSTEM32\VERSION.dll
0x00007ffd333e0000 - 0x00007ffd33411000 	C:\Windows\System32\IMM32.DLL
0x00007ffd2b4d0000 - 0x00007ffd2b4dc000 	C:\Program Files\Java\jdk-17\bin\vcruntime140_1.dll
0x00007ffcfbc20000 - 0x00007ffcfbcae000 	C:\Program Files\Java\jdk-17\bin\msvcp140.dll
0x00007ffcace50000 - 0x00007ffcada31000 	C:\Program Files\Java\jdk-17\bin\server\jvm.dll
0x00007ffd33450000 - 0x00007ffd33458000 	C:\Windows\System32\PSAPI.DLL
0x00007ffd293c0000 - 0x00007ffd293f4000 	C:\Windows\SYSTEM32\WINMM.dll
0x00007ffd09630000 - 0x00007ffd09639000 	C:\Windows\SYSTEM32\WSOCK32.dll
0x00007ffd321b0000 - 0x00007ffd32221000 	C:\Windows\System32\WS2_32.dll
0x00007ffd2f8f0000 - 0x00007ffd2f908000 	C:\Windows\SYSTEM32\kernel.appcore.dll
0x00007ffd2b380000 - 0x00007ffd2b38a000 	C:\Program Files\Java\jdk-17\bin\jimage.dll
0x00007ffd31130000 - 0x00007ffd31363000 	C:\Windows\SYSTEM32\DBGHELP.DLL
0x00007ffd33960000 - 0x00007ffd33ce9000 	C:\Windows\System32\combase.dll
0x00007ffd340e0000 - 0x00007ffd341b7000 	C:\Windows\System32\OLEAUT32.dll
0x00007ffd30fa0000 - 0x00007ffd30fd2000 	C:\Windows\SYSTEM32\dbgcore.DLL
0x00007ffd31af0000 - 0x00007ffd31b6a000 	C:\Windows\System32\bcryptPrimitives.dll
0x00007ffcfbbf0000 - 0x00007ffcfbc15000 	C:\Program Files\Java\jdk-17\bin\java.dll

dbghelp: loaded successfully - version: 4.0.5 - missing functions: none
symbol engine: initialized successfully - sym options: 0x614 - pdb path: .;C:\Program Files\Java\jdk-17\bin;C:\Windows\SYSTEM32;C:\Windows\WinSxS\amd64_microsoft.windows.common-controls_6595b64144ccf1df_6.0.22621.2506_none_270c5ae97388e100;C:\Program Files\Java\jdk-17\bin\server

VM Arguments:
jvm_args: -Dcom.sun.management.jmxremote -Dcom.sun.management.jmxremote.port=57158 -Dcom.sun.management.jmxremote.authenticate=false -Dcom.sun.management.jmxremote.ssl=false -Dspring.jmx.enabled=true -Djava.rmi.server.hostname=localhost -Dspring.application.admin.enabled=true -Dspring.boot.project.name=spring-boot-backend-apirest -XX:+ShowCodeDetailsInExceptionMessages 
java_command: com.udla.springboot.backend.apirest.SpringBootBackendApirestApplication
java_class_path (initial): C:\Users\asus\Documents\Proyectos software\Full-Stack\Full-Stack-KNN\spring-boot-backend-apirest\target\classes;C:\Users\asus\.m2\repository\org\springframework\boot\spring-boot-starter-data-jpa\3.1.4\spring-boot-starter-data-jpa-3.1.4.jar;C:\Users\asus\.m2\repository\org\springframework\boot\spring-boot-starter-aop\3.1.4\spring-boot-starter-aop-3.1.4.jar;C:\Users\asus\.m2\repository\org\springframework\spring-aop\6.0.12\spring-aop-6.0.12.jar;C:\Users\asus\.m2\repository\org\aspectj\aspectjweaver\1.9.20\aspectjweaver-1.9.20.jar;C:\Users\asus\.m2\repository\org\springframework\boot\spring-boot-starter-jdbc\3.1.4\spring-boot-starter-jdbc-3.1.4.jar;C:\Users\asus\.m2\repository\com\zaxxer\HikariCP\5.0.1\HikariCP-5.0.1.jar;C:\Users\asus\.m2\repository\org\springframework\spring-jdbc\6.0.12\spring-jdbc-6.0.12.jar;C:\Users\asus\.m2\repository\org\hibernate\orm\hibernate-core\6.2.9.Final\hibernate-core-6.2.9.Final.jar;C:\Users\asus\.m2\repository\jakarta\persistence\jakarta.persistence-api\3.1.0\jakarta.persistence-api-3.1.0.jar;C:\Users\asus\.m2\repository\jakarta\transaction\jakarta.transaction-api\2.0.1\jakarta.transaction-api-2.0.1.jar;C:\Users\asus\.m2\repository\org\jboss\logging\jboss-logging\3.5.3.Final\jboss-logging-3.5.3.Final.jar;C:\Users\asus\.m2\repository\org\hibernate\common\hibernate-commons-annotations\6.0.6.Final\hibernate-commons-annotations-6.0.6.Final.jar;C:\Users\asus\.m2\repository\io\smallrye\jandex\3.0.5\jandex-3.0.5.jar;C:\Users\asus\.m2\repository\com\fasterxml\classmate\1.5.1\classmate-1.5.1.jar;C:\Users\asus\.m2\repository\net\bytebuddy\byte-buddy\1.14.8\byte-buddy-1.14.8.jar;C:\Users\asus\.m2\repository\org\glassfish\jaxb\jaxb-runtime\4.0.3\jaxb-runtime-4.0.3.jar;C:\Users\asus\.m2\repository\org\glassfish\jaxb\jaxb-core\4.0.3\jaxb-core-4.0.3.jar;C:\Users\asus\.m2\repository\org\eclipse\angus\angus-activation\2.0.1\angus-activation-2.0.1.jar;C:\Users\asus\.m2\repository\org\glassfish\jaxb\txw2\4.0.3\txw2-4.0.3.jar;C:
Launcher Type: SUN_STANDARD

[Global flags]
     intx CICompilerCount                          = 12                                        {product} {ergonomic}
     uint ConcGCThreads                            = 4                                         {product} {ergonomic}
     uint G1ConcRefinementThreads                  = 15                                        {product} {ergonomic}
   size_t G1HeapRegionSize                         = 4194304                                   {product} {ergonomic}
    uintx GCDrainStackTargetSize                   = 64                                        {product} {ergonomic}
   size_t InitialHeapSize                          = 532676608                                 {product} {ergonomic}
     bool ManagementServer                         = true                                      {product} {command line}
   size_t MarkStackSize                            = 4194304                                   {product} {ergonomic}
   size_t MaxHeapSize                              = 8493465600                                {product} {ergonomic}
   size_t MinHeapDeltaBytes                        = 4194304                                   {product} {ergonomic}
   size_t MinHeapSize                              = 8388608                                   {product} {ergonomic}
    uintx NonNMethodCodeHeapSize                   = 7602480                                {pd product} {ergonomic}
    uintx NonProfiledCodeHeapSize                  = 122027880                              {pd product} {ergonomic}
    uintx ProfiledCodeHeapSize                     = 122027880                              {pd product} {ergonomic}
    uintx ReservedCodeCacheSize                    = 251658240                              {pd product} {ergonomic}
     bool SegmentedCodeCache                       = true                                      {product} {ergonomic}
     bool ShowCodeDetailsInExceptionMessages       = true                                   {manageable} {command line}
   size_t SoftMaxHeapSize                          = 8493465600                             {manageable} {ergonomic}
     bool UseCompressedClassPointers               = true                           {product lp64_product} {ergonomic}
     bool UseCompressedOops                        = true                           {product lp64_product} {ergonomic}
     bool UseG1GC                                  = true                                      {product} {ergonomic}
     bool UseLargePagesIndividualAllocation        = false                                  {pd product} {ergonomic}

Logging:
Log output configuration:
 #0: stdout all=warning uptime,level,tags
 #1: stderr all=off uptime,level,tags

Environment Variables:
JAVA_HOME=C:\Program Files\Java\jdk-17
PATH=C:\Program Files\NVIDIA GPU Computing Toolkit\CUDA\v12.3\bin;C:\Program Files\NVIDIA GPU Computing Toolkit\CUDA\v12.3\libnvvp;C:\Python312\Scripts\;C:\Python312\;C:\Program Files\Java\jdk-17\bin;C:\Windows\system32;C:\Windows;C:\Windows\System32\Wbem;C:\Windows\System32\WindowsPowerShell\v1.0\;C:\Windows\System32\OpenSSH\;C:\Program Files (x86)\NVIDIA Corporation\PhysX\Common;C:\Program Files\NVIDIA Corporation\NVIDIA NvDLISR;C:\Program Files\dotnet\;C:\Program Files\Git\cmd;C:\Program Files\nodejs\;C:\ProgramData\chocolatey\bin;C:\Program Files (x86)\Microsoft SQL Server\160\Tools\Binn\;C:\Program Files\Microsoft SQL Server\160\Tools\Binn\;C:\Program Files\Microsoft SQL Server\Client SDK\ODBC\170\Tools\Binn\;C:\Program Files\Microsoft SQL Server\160\DTS\Binn\;C:\Program Files (x86)\Microsoft SQL Server\160\DTS\Binn\;C:\Program Files\Azure Data Studio\bin;C:\Program Files\NVIDIA Corporation\Nsight Compute 2023.3.1\;C:\xampp\php;C:\composer;C:\Apache\Maven\apache-maven-3.9.6\bin;C:\Program Files\Java\jdk-17\bin;C:\Users\asus\AppData\Local\Microsoft\WindowsApps;C:\Users\asus\AppData\Local\Programs\Microsoft VS Code\bin;C:\Users\asus\AppData\Roaming\npm;C:\Program Files\Azure Data Studio\bin;C:\Users\asus\AppData\Roaming\Composer\vendor\bin;C:\Users\asus\.dotnet\tools
USERNAME=asus
LANG=es_ES.UTF-8
OS=Windows_NT
PROCESSOR_IDENTIFIER=Intel64 Family 6 Model 154 Stepping 3, GenuineIntel



---------------  S Y S T E M  ---------------

OS:
 Windows 11 , 64 bit Build 22621 (10.0.22621.2506)
OS uptime: 0 days 14:16 hours
Hyper-V role detected

CPU: total 20 (initial active 20) (10 cores per cpu, 2 threads per core) family 6 model 154 stepping 3 microcode 0x421, cx8, cmov, fxsr, ht, mmx, 3dnowpref, sse, sse2, sse3, ssse3, sse4.1, sse4.2, popcnt, lzcnt, tsc, tscinvbit, avx, avx2, aes, erms, clmul, bmi1, bmi2, adx, sha, fma, vzeroupper, clflush, clflushopt, clwb, hv

Memory: 4k page, system-wide physical 32395M (19858M free)
TotalPageFile size 130699M (AvailPageFile size 310M)
current process WorkingSet (physical memory assigned to process): 11M, peak: 11M
current process commit charge ("private bytes"): 75M, peak: 583M

vm_info: Java HotSpot(TM) 64-Bit Server VM (17.0.9+11-LTS-201) for windows-amd64 JRE (17.0.9+11-LTS-201), built on Oct 10 2023 23:16:06 by "mach5one" with MS VC++ 17.1 (VS2022)

END.
